[2020-09-18 19:13:09] local.INFO: master  
[2020-09-18 19:13:09] local.ALERT: SQLSTATE[HY000]: General error: 1364 Field 'phoneNumber' doesn't have a default value (SQL: insert into `deviceDescriptor-Client` (`serialNumber`, `manufacturerId`, `modelId`, `latitude`, `longitude`, `username`, `region`, `district`, `operator`, `radiatedpower`, `conductedpower`, `antennaheight`, `antennaheighttype`, `password`, `deviceId`) values (381c62606-3k7-8skxnne4e4-za9ab027f, 381c626-l9ssvb-ax0sza19f, 381c6262-8906-3897-84cjn4-aaas027f, 5.569133, -0.206781, -0.206781, ahhhhzs, ahhhhzs, ahhhhzs, 5.569133, 5.569133, 5.569133, 5.569133, $2y$10$h3UP4z1KEAaUPgI3bHHIUOoPFImTIPNLZky7HbVWSqFvTp27wgzaC, "381c626-l9ssvb-ax0sza19f""381c62606-3k7-8skxnne4e4-za9ab027f"))  
[2020-09-18 19:13:57] local.INFO: master  
[2020-09-18 19:14:15] local.INFO: master  
[2020-09-18 19:14:15] local.ALERT: SQLSTATE[23000]: Integrity constraint violation: 1062 Duplicate entry '"381c626-l9ssvb-ax0sza19f""381c62606-3k7-8skxnne4e4-za9ab027f"' for key 'PRIMARY' (SQL: insert into `DeviceDescriptor-Master` (`serialNumber`, `manufacturerId`, `modelId`, `latitude`, `longitude`, `username`, `region`, `district`, `operator`, `radiatedpower`, `conductedpower`, `antennaheight`, `antennaheighttype`, `password`, `deviceId`) values (381c62606-3k7-8skxnne4e4-za9ab027f, 381c626-l9ssvb-ax0sza19f, 381c6262-8906-3897-84cjn4-aaas027f, 5.569133, -0.206781, -0.206781, ahhhhzs, ahhhhzs, ahhhhzs, 5.569133, 5.569133, 5.569133, 5.569133, $2y$10$I8YbAbvXo9LmldrycUkDxOI5jD9I1EX.3UdnCAElwlloFjj9jk74C, "381c626-l9ssvb-ax0sza19f""381c62606-3k7-8skxnne4e4-za9ab027f"))  
[2020-09-18 19:15:13] local.INFO: master  
[2020-09-18 19:15:13] local.ALERT: SQLSTATE[23000]: Integrity constraint violation: 1062 Duplicate entry '"381c626-l9ssvb-ax0sza19f""381c62606-3k7-8skxnne4e4-za9ab027f"' for key 'PRIMARY' (SQL: insert into `DeviceDescriptor-Master` (`serialNumber`, `manufacturerId`, `modelId`, `latitude`, `longitude`, `username`, `region`, `district`, `operator`, `radiatedpower`, `conductedpower`, `antennaheight`, `antennaheighttype`, `password`, `deviceId`) values (381c62606-3k7-8skxnne4e4-za9ab027f, 381c626-l9ssvb-ax0sza19f, 381c6262-8906-3897-84cjn4-aaas027f, 5.569133, -0.206781, -0.206781, ahhhhzs, ahhhhzs, ahhhhzs, 5.569133, 5.569133, 5.569133, 5.569133, $2y$10$hRvgbBTAw/FewcnKLEhtCOX8rdz900Pyst6XwDMr8Pzdnas9n83AW, "381c626-l9ssvb-ax0sza19f""381c62606-3k7-8skxnne4e4-za9ab027f"))  
[2020-09-18 19:15:30] local.INFO: master  
[2020-09-18 19:15:30] local.ALERT: SQLSTATE[23000]: Integrity constraint violation: 1062 Duplicate entry '"381c626-l9ssvb-ax0sza19f""381c62606-3k7-8skxnne4e4-za9ab027f"' for key 'PRIMARY' (SQL: insert into `DeviceDescriptor-Master` (`serialNumber`, `manufacturerId`, `modelId`, `latitude`, `longitude`, `username`, `region`, `district`, `operator`, `radiatedpower`, `conductedpower`, `antennaheight`, `antennaheighttype`, `password`, `deviceId`) values (381c62606-3k7-8skxnne4e4-za9ab027f, 381c626-l9ssvb-ax0sza19f, 381c6262-8906-3897-84cjn4-aaas027f, 5.569133, -0.206781, -0.206781, ahhhhzs, ahhhhzs, ahhhhzs, 5.569133, 5.569133, 5.569133, 5.569133, $2y$10$3aSxk9KGkKLEJuSGMKqlcO2K55.ox/9oDkzGg/r0kdi8qBDYJ2u.W, "381c626-l9ssvb-ax0sza19f""381c62606-3k7-8skxnne4e4-za9ab027f"))  
[2020-09-18 19:15:50] local.INFO: master  
[2020-09-18 19:15:50] local.ALERT: SQLSTATE[23000]: Integrity constraint violation: 1062 Duplicate entry '"381c626-l9ssvb-ax0sza19f""381c62606-3k7-8skxnne4e4-za9ab027f"' for key 'PRIMARY' (SQL: insert into `DeviceDescriptor-Master` (`serialNumber`, `manufacturerId`, `modelId`, `latitude`, `longitude`, `username`, `region`, `district`, `operator`, `radiatedpower`, `conductedpower`, `antennaheight`, `antennaheighttype`, `password`, `deviceId`) values (381c62606-3k7-8skxnne4e4-za9ab027f, 381c626-l9ssvb-ax0sza19f, 381c6262-8906-3897-84cjn4-aaas027f, 5.569133, -0.206781, -0.206781, ahhhhzs, ahhhhzs, ahhhhzs, 5.569133, 5.569133, 5.569133, 5.569133, $2y$10$/O2kuoSetJs9lc6E8crgh.veacfV5eyeMWfHmIiOy.0Wl3ZHASA3a, "381c626-l9ssvb-ax0sza19f""381c62606-3k7-8skxnne4e4-za9ab027f"))  
[2020-09-18 19:16:06] local.INFO: master  
[2020-09-18 19:16:06] local.ALERT: SQLSTATE[23000]: Integrity constraint violation: 1062 Duplicate entry '"381c626-l9ssvb-ax0sza19f""381c62606-3k7-8skxnne4e4-za9ab027f"' for key 'PRIMARY' (SQL: insert into `DeviceDescriptor-Master` (`serialNumber`, `manufacturerId`, `modelId`, `latitude`, `longitude`, `username`, `region`, `district`, `operator`, `radiatedpower`, `conductedpower`, `antennaheight`, `antennaheighttype`, `password`, `deviceId`) values (381c62606-3k7-8skxnne4e4-za9ab027f, 381c626-l9ssvb-ax0sza19f, 381c6262-8906-3897-84cjn4-aaas027f, 5.569133, -0.206781, -0.206781, ahhhhzs, ahhhhzs, ahhhhzs, 5.569133, 5.569133, 5.569133, 5.569133, $2y$10$nmrhC/HnxLGPQk2E6V.sfeksnZFnlR//zKr9IZ8d9faTzW9tw3Zvq, "381c626-l9ssvb-ax0sza19f""381c62606-3k7-8skxnne4e4-za9ab027f"))  
[2020-09-18 19:17:47] local.INFO: client  
[2020-09-18 19:17:58] local.INFO: client  
[2020-09-18 19:17:58] local.ALERT: SQLSTATE[23000]: Integrity constraint violation: 1062 Duplicate entry '"381c626-l9ssvb-ax0sza19f""381c62606-3k7-8skxnne4e4-za9ab027f"' for key 'PRIMARY' (SQL: insert into `deviceDescriptor-Client` (`serialNumber`, `manufacturerId`, `modelId`, `latitude`, `longitude`, `username`, `region`, `district`, `deviceType`, `phoneNumber`, `operator`, `radiatedpower`, `conductedpower`, `antennaheight`, `antennaheighttype`, `password`, `deviceId`) values (381c62606-3k7-8skxnne4e4-za9ab027f, 381c626-l9ssvb-ax0sza19f, 381c6262-8906-3897-84cjn4-aaas027f, 5.569133, -0.206781, -0.206781, ahhhhzs, ahhhhzs, mcnjdk, 5.569133, ahhhhzs, 5.569133, 5.569133, 5.569133, 5.569133, $2y$10$t5yqXB5Fvie5g0lrdp8zv.J5FN0qQu6rIDtvy/JiQ4Wk6jI54lVGO, "381c626-l9ssvb-ax0sza19f""381c62606-3k7-8skxnne4e4-za9ab027f"))  
[2020-09-18 19:25:38] local.INFO: client  
[2020-09-18 19:25:38] local.ALERT: SQLSTATE[23000]: Integrity constraint violation: 1062 Duplicate entry '"381c626-l9ssvb-ax0sza19f""381c62606-3k7-8skxnne4e4-za9ab027f"' for key 'PRIMARY' (SQL: insert into `deviceDescriptor-Client` (`serialNumber`, `manufacturerId`, `modelId`, `latitude`, `longitude`, `username`, `region`, `district`, `deviceType`, `phoneNumber`, `operator`, `radiatedpower`, `conductedpower`, `antennaheight`, `antennaheighttype`, `password`, `deviceId`) values (381c62606-3k7-8skxnne4e4-za9ab027f, 381c626-l9ssvb-ax0sza19f, 381c6262-8906-3897-84cjn4-aaas027f, 5.569133, -0.206781, -0.206781, ahhhhzs, ahhhhzs, mcnjdk, 5.569133, ahhhhzs, 5.569133, 5.569133, 5.569133, 5.569133, $2y$10$Uq0D7vbVjW8lPMz1YFzk0eicDlH5uA1GYJV86IBSebKw89Wly/zmu, "381c626-l9ssvb-ax0sza19f""381c62606-3k7-8skxnne4e4-za9ab027f"))  
[2020-09-20 12:00:32] local.INFO:   
[2020-09-20 12:00:39] local.INFO:   
[2020-09-20 12:03:39] local.INFO: "dff1a985-784f-3151-b91b-0434492c233e""bcfe8a9d-25b7-3ea3-bd8a-0035811ab4eb"  
[2020-09-20 12:05:03] local.INFO: "381c626-l9ssvb-ax0sza19f""381c62606-3k7-8skxnne4e4-za9ab027f"  
[2020-09-20 12:05:18] local.INFO:   
[2020-09-20 12:06:31] local.INFO: "381c626-l9ssvb-ax0sza19f""381c62606-3k7-8skxnne4e4-za9ab027f"  
[2020-09-20 12:07:15] local.INFO: "381c626-l9ssvb-ax0sza19f""381c62606-3k7-8skxnne4e4-za9ab027f"  
[2020-09-20 12:07:54] local.INFO: "381c626-l9ssvb-ax0sza19f""381c62606-3k7-8skxnne4e4-za9ab027f"  
[2020-09-20 12:10:28] local.INFO: "381c626-l9ssvb-ax0sza19f""381c62606-3k7-8skxnne4e4-za9ab027f"  
[2020-09-20 12:15:22] local.INFO: "381c626-l9ssvb-ax0sza19f""381c62606-3k7-8skxnne4e4-za9ab027f"  
[2020-09-20 12:16:00] local.INFO: "381c626-l9ssvb-ax0sza19f""381c62606-3k7-8skxnne4e4-za9ab027f"  
[2020-09-20 12:20:20] local.INFO: "381c626-l9ssvb-ax0sza19f""381c62606-3k7-8skxnne4e4-za9ab027f"  
[2020-09-20 20:47:32] local.INFO: "381c626-l9ssvb-ax0sza19f""381c62606-3k7-8skxnne4e4-za9ab027f"  
